<?xml version="1.0" encoding="UTF-8"?>
<testng-results ignored="0" total="1" passed="1" failed="0" skipped="0">
  <reporter-output>
  </reporter-output>
  <suite started-at="2021-04-17T11:55:28Z" name="Suite" finished-at="2021-04-17T11:56:14Z" duration-ms="46125">
    <groups>
    </groups>
    <test started-at="2021-04-17T11:55:28Z" name="Test" finished-at="2021-04-17T11:56:14Z" duration-ms="46125">
      <class name="com.GeneralStore.General_Store.Ecommerce_tc05">
        <test-method signature="totalProducts()[pri:0, instance:com.GeneralStore.General_Store.Ecommerce_tc05@4a883b15]" started-at="2021-04-17T17:25:28Z" name="totalProducts" finished-at="2021-04-17T17:26:14Z" duration-ms="46105" status="PASS">
          <reporter-output>
          </reporter-output>
        </test-method> <!-- totalProducts -->
      </class> <!-- com.GeneralStore.General_Store.Ecommerce_tc05 -->
    </test> <!-- Test -->
  </suite> <!-- Suite -->
</testng-results>
