<?xml version="1.0" encoding="UTF-8"?>
<testng-results ignored="0" total="1" passed="1" failed="0" skipped="0">
  <reporter-output>
  </reporter-output>
  <suite started-at="2021-04-17T17:23:30 IST" name="Suite" finished-at="2021-04-17T17:24:40 IST" duration-ms="69757">
    <groups>
    </groups>
    <test started-at="2021-04-17T17:23:30 IST" name="Test" finished-at="2021-04-17T17:24:40 IST" duration-ms="69757">
      <class name="com.GeneralStore.General_Store.Ecommerce_tc05">
        <test-method signature="totalProducts()[pri:0, instance:com.GeneralStore.General_Store.Ecommerce_tc05@654f0d9c]" started-at="2021-04-17T17:23:30 IST" name="totalProducts" finished-at="2021-04-17T17:24:40 IST" duration-ms="69684" status="PASS">
          <reporter-output>
          </reporter-output>
        </test-method> <!-- totalProducts -->
      </class> <!-- com.GeneralStore.General_Store.Ecommerce_tc05 -->
    </test> <!-- Test -->
  </suite> <!-- Suite -->
</testng-results>
